[debug] [2019-08-03T13:49:55.081Z] ----------------------------------------------------------------------
[debug] [2019-08-03T13:49:55.083Z] Command:       /usr/local/bin/node /usr/local/bin/firebase deploy
[debug] [2019-08-03T13:49:55.084Z] CLI Version:   7.2.1
[debug] [2019-08-03T13:49:55.084Z] Platform:      darwin
[debug] [2019-08-03T13:49:55.084Z] Node Version:  v11.9.0
[debug] [2019-08-03T13:49:55.085Z] Time:          Sat Aug 03 2019 20:49:55 GMT+0700 (Indochina Time)
[debug] [2019-08-03T13:49:55.085Z] ----------------------------------------------------------------------
[debug] 
[debug] [2019-08-03T13:49:55.103Z] > command requires scopes: ["email","openid","https://www.googleapis.com/auth/cloudplatformprojects.readonly","https://www.googleapis.com/auth/firebase","https://www.googleapis.com/auth/cloud-platform"]
[debug] [2019-08-03T13:49:55.103Z] > authorizing via signed-in user
[debug] [2019-08-03T13:49:55.103Z] [iam] checking project somsook-app for permissions ["datastore.indexes.create","datastore.indexes.delete","datastore.indexes.list","datastore.indexes.update","firebase.projects.get","firebasehosting.sites.update","firebaserules.releases.create","firebaserules.releases.update","firebaserules.rulesets.create"]
[debug] [2019-08-03T13:49:55.106Z] > refreshing access token with scopes: ["email","https://www.googleapis.com/auth/cloud-platform","https://www.googleapis.com/auth/cloudplatformprojects.readonly","https://www.googleapis.com/auth/firebase","openid"]
[debug] [2019-08-03T13:49:55.106Z] >>> HTTP REQUEST POST https://www.googleapis.com/oauth2/v3/token  
 <request body omitted>
[debug] [2019-08-03T13:49:55.553Z] <<< HTTP RESPONSE 200
[debug] [2019-08-03T13:49:55.588Z] >>> HTTP REQUEST POST https://cloudresourcemanager.googleapis.com/v1/projects/somsook-app:testIamPermissions  

[debug] [2019-08-03T13:49:56.974Z] <<< HTTP RESPONSE 200
[debug] [2019-08-03T13:49:56.978Z] >>> HTTP REQUEST GET https://firebase.googleapis.com/v1beta1/projects/somsook-app  
 
[debug] [2019-08-03T13:49:57.530Z] <<< HTTP RESPONSE 200
[info] 
[info] === Deploying to 'somsook-app'...
[info] 
[info] i  deploying storage, firestore, hosting
[debug] [2019-08-03T13:49:57.534Z] >>> HTTP REQUEST GET https://appengine.googleapis.com/v1/apps/somsook-app  
 
[debug] [2019-08-03T13:50:01.335Z] <<< HTTP RESPONSE 200
[info] i  storage: checking storage.rules for compilation errors...
[debug] [2019-08-03T13:50:01.338Z] >>> HTTP REQUEST POST https://firebaserules.googleapis.com/v1/projects/somsook-app:test  

[debug] [2019-08-03T13:50:03.064Z] <<< HTTP RESPONSE 200
[info] ✔  storage: rules file storage.rules compiled successfully
[info] i  firestore: checking firestore.rules for compilation errors...
[info] i  firestore: reading indexes from firestore.indexes.json...
[debug] [2019-08-03T13:50:03.068Z] >>> HTTP REQUEST POST https://firebaserules.googleapis.com/v1/projects/somsook-app:test  

[debug] [2019-08-03T13:50:04.600Z] <<< HTTP RESPONSE 200
[info] ✔  firestore: rules file firestore.rules compiled successfully
[debug] [2019-08-03T13:50:04.603Z] >>> HTTP REQUEST POST https://firebasehosting.googleapis.com/v1beta1/sites/somsook-app/versions  

[debug] [2019-08-03T13:50:06.726Z] <<< HTTP RESPONSE 200
[info] i  storage: uploading rules storage.rules...
[debug] [2019-08-03T13:50:06.727Z] >>> HTTP REQUEST POST https://firebaserules.googleapis.com/v1/projects/somsook-app/rulesets  

[debug] [2019-08-03T13:50:08.378Z] <<< HTTP RESPONSE 200
[debug] [2019-08-03T13:50:08.379Z] [rules] created ruleset projects/somsook-app/rulesets/55515bba-ca55-473f-8d25-656c0e802bdd
[info] i  firestore: uploading rules firestore.rules...
[debug] [2019-08-03T13:50:08.381Z] >>> HTTP REQUEST POST https://firebaserules.googleapis.com/v1/projects/somsook-app/rulesets  

[debug] [2019-08-03T13:50:08.382Z] >>> HTTP REQUEST GET https://firestore.googleapis.com/v1beta2/projects/somsook-app/databases/(default)/collectionGroups/-/indexes  
 
[debug] [2019-08-03T13:50:09.484Z] <<< HTTP RESPONSE 200
[debug] [2019-08-03T13:50:09.485Z] >>> HTTP REQUEST GET https://firestore.googleapis.com/v1beta2/projects/somsook-app/databases/(default)/collectionGroups/-/fields?filter=indexConfig.usesAncestorConfig=false  
 
[debug] [2019-08-03T13:50:09.937Z] <<< HTTP RESPONSE 200
[debug] [2019-08-03T13:50:09.938Z] [rules] created ruleset projects/somsook-app/rulesets/c787de78-ed30-4246-a18d-d42f15822887
